2020-06-16 23:07:40.108 | INFO     | __main__:rsi_info_display:177 - ['RSI策略', '000008', '神州高铁', '发出交易信号', '买入']
2020-06-16 23:07:54.318 | INFO     | __main__:rsi_info_display:177 - ['RSI策略', '000078', '海王生物', '发出交易信号', '卖出']
2020-06-16 23:08:00.124 | INFO     | __main__:rsi_info_display:177 - ['RSI策略', '000153', '丰原药业', '发出交易信号', '卖出']
2020-06-16 23:08:10.154 | INFO     | __main__:rsi_info_display:177 - ['RSI策略', '000423', '东阿阿胶', '发出交易信号', '买入']
2020-06-16 23:08:18.569 | INFO     | __main__:rsi_info_display:177 - ['RSI策略', '000518', '四环生物', '发出交易信号', '卖出']
2020-06-16 23:08:24.003 | INFO     | __main__:rsi_info_display:177 - ['RSI策略', '000526', '紫光学大', '发出交易信号', '买入']
2020-06-16 23:08:29.031 | INFO     | __main__:rsi_info_display:177 - ['RSI策略', '000534', '万泽股份', '发出交易信号', '卖出']
2020-06-16 23:08:39.995 | INFO     | __main__:rsi_info_display:177 - ['RSI策略', '000572', '*ST 海马', '发出交易信号', '卖出']
2020-06-16 23:08:49.482 | INFO     | __main__:rsi_info_display:177 - ['RSI策略', '000607', '华媒控股', '发出交易信号', '卖出']
2020-06-16 23:09:03.685 | INFO     | __main__:rsi_info_display:177 - ['RSI策略', '000668', '荣丰控股', '发出交易信号', '卖出']
2020-06-16 23:09:11.287 | INFO     | __main__:rsi_info_display:177 - ['RSI策略', '000690', '宝新能源', '发出交易信号', '买入']
2020-06-16 23:09:26.958 | INFO     | __main__:rsi_info_display:177 - ['RSI策略', '000761', '本钢板材', '发出交易信号', '买入']
2020-06-16 23:09:31.555 | INFO     | __main__:rsi_info_display:177 - ['RSI策略', '000768', '中航飞机', '发出交易信号', '买入']
2020-06-16 23:09:42.203 | INFO     | __main__:rsi_info_display:177 - ['RSI策略', '000813', '德展健康', '发出交易信号', '卖出']
2020-06-16 23:09:48.393 | INFO     | __main__:rsi_info_display:177 - ['RSI策略', '000828', '东莞控股', '发出交易信号', '买入']
2020-06-16 23:09:53.609 | INFO     | __main__:rsi_info_display:177 - ['RSI策略', '000837', '*ST秦机', '发出交易信号', '买入']
2020-06-16 23:10:10.662 | INFO     | __main__:rsi_info_display:177 - ['RSI策略', '000908', '景峰医药', '发出交易信号', '卖出']
2020-06-16 23:10:18.828 | INFO     | __main__:rsi_info_display:177 - ['RSI策略', '000928', '中钢国际', '发出交易信号', '买入']
2020-06-16 23:10:25.627 | INFO     | __main__:rsi_info_display:177 - ['RSI策略', '000952', '广济药业', '发出交易信号', '买入']
2020-06-16 23:10:31.730 | INFO     | __main__:rsi_info_display:177 - ['RSI策略', '000966', '长源电力', '发出交易信号', '买入']
2020-06-16 23:10:50.925 | INFO     | __main__:rsi_info_display:177 - ['RSI策略', '300038', '数知科技', '发出交易信号', '卖出']
2020-06-16 23:10:55.632 | INFO     | __main__:rsi_info_display:177 - ['RSI策略', '300043', '星辉娱乐', '发出交易信号', '卖出']
2020-06-16 23:11:22.342 | INFO     | __main__:rsi_info_display:177 - ['RSI策略', '300139', '晓程科技', '发出交易信号', '买入']
2020-06-16 23:11:26.379 | INFO     | __main__:rsi_info_display:177 - ['RSI策略', '300141', '和顺电气', '发出交易信号', '卖出']
2020-06-16 23:11:32.374 | INFO     | __main__:rsi_info_display:177 - ['RSI策略', '300151', '昌红科技', '发出交易信号', '卖出']
2020-06-16 23:11:42.998 | INFO     | __main__:rsi_info_display:177 - ['RSI策略', '300180', '华峰超纤', '发出交易信号', '买入']
2020-06-16 23:11:48.876 | INFO     | __main__:rsi_info_display:177 - ['RSI策略', '300190', '维尔利', '发出交易信号', '卖出']
2020-06-16 23:12:03.026 | INFO     | __main__:rsi_info_display:177 - ['RSI策略', '300233', '金城医药', '发出交易信号', '卖出']
2020-06-16 23:12:29.573 | INFO     | __main__:rsi_info_display:177 - ['RSI策略', '300327', '中颖电子', '发出交易信号', '买入']
2020-06-16 23:12:41.251 | INFO     | __main__:rsi_info_display:177 - ['RSI策略', '300360', '炬华科技', '发出交易信号', '买入']
2020-06-16 23:12:46.523 | INFO     | __main__:rsi_info_display:177 - ['RSI策略', '300369', '绿盟科技', '发出交易信号', '卖出']
2020-06-16 23:12:58.770 | INFO     | __main__:rsi_info_display:177 - ['RSI策略', '300406', '九强生物', '发出交易信号', '卖出']
2020-06-16 23:13:04.684 | INFO     | __main__:rsi_info_display:177 - ['RSI策略', '300416', '苏试试验', '发出交易信号', '买入']
2020-06-16 23:13:08.393 | INFO     | __main__:rsi_info_display:177 - ['RSI策略', '300417', '南华仪器', '发出交易信号', '买入']
2020-06-16 23:13:20.783 | INFO     | __main__:rsi_info_display:177 - ['RSI策略', '300453', '三鑫医疗', '发出交易信号', '卖出']
2020-06-16 23:13:39.691 | INFO     | __main__:rsi_info_display:177 - ['RSI策略', '300516', '久之洋', '发出交易信号', '买入']
2020-06-16 23:13:49.007 | INFO     | __main__:rsi_info_display:177 - ['RSI策略', '300542', '新晨科技', '发出交易信号', '买入']
2020-06-16 23:13:52.858 | INFO     | __main__:rsi_info_display:177 - ['RSI策略', '300543', '朗科智能', '发出交易信号', '买入']
2020-06-16 23:14:09.861 | INFO     | __main__:rsi_info_display:177 - ['RSI策略', '300602', '飞荣达', '发出交易信号', '买入']
2020-06-16 23:14:15.763 | INFO     | __main__:rsi_info_display:177 - ['RSI策略', '300613', '富瀚微', '发出交易信号', '买入']
2020-06-16 23:14:19.335 | INFO     | __main__:rsi_info_display:177 - ['RSI策略', '300615', '欣天科技', '发出交易信号', '买入']
2020-06-16 23:14:28.936 | INFO     | __main__:rsi_info_display:177 - ['RSI策略', '300639', '凯普生物', '发出交易信号', '卖出']
2020-06-16 23:14:49.183 | INFO     | __main__:rsi_info_display:177 - ['RSI策略', '300709', '精研科技', '发出交易信号', '买入']
2020-06-16 23:14:53.205 | INFO     | __main__:rsi_info_display:177 - ['RSI策略', '300711', '广哈通信', '发出交易信号', '买入']
2020-06-16 23:15:01.466 | INFO     | __main__:rsi_info_display:177 - ['RSI策略', '300732', '设研院', '发出交易信号', '买入']
2020-06-16 23:15:05.261 | INFO     | __main__:rsi_info_display:177 - ['RSI策略', '300735', '光弘科技', '发出交易信号', '买入']
2020-06-16 23:15:14.044 | INFO     | __main__:rsi_info_display:177 - ['RSI策略', '300758', '七彩化学', '发出交易信号', '买入']
2020-06-16 23:15:18.611 | INFO     | __main__:rsi_info_display:177 - ['RSI策略', '300762', '上海瀚讯', '发出交易信号', '买入']
2020-06-16 23:15:23.008 | INFO     | __main__:rsi_info_display:177 - ['RSI策略', '300766', '每日互动', '发出交易信号', '卖出']
2020-06-16 23:15:28.087 | INFO     | __main__:rsi_info_display:177 - ['RSI策略', '300773', '拉卡拉', '发出交易信号', '买入']
2020-06-16 23:15:32.264 | INFO     | __main__:rsi_info_display:177 - ['RSI策略', '300778', '新城市', '发出交易信号', '买入']
2020-06-16 23:15:37.653 | INFO     | __main__:rsi_info_display:177 - ['RSI策略', '300788', '中信出版', '发出交易信号', '卖出']
2020-06-16 23:15:46.192 | INFO     | __main__:rsi_info_display:177 - ['RSI策略', '300828', '锐新科技', '发出交易信号', '卖出']
2020-06-16 23:16:42.370 | INFO     | __main__:rsi_info_display:177 - ['RSI策略', '600021', '上海电力', '发出交易信号', '买入']
2020-06-16 23:16:49.511 | INFO     | __main__:rsi_info_display:177 - ['RSI策略', '600038', '中直股份', '发出交易信号', '买入']
2020-06-16 23:16:53.664 | INFO     | __main__:rsi_info_display:177 - ['RSI策略', '600050', '中国联通', '发出交易信号', '买入']
2020-06-16 23:16:57.731 | INFO     | __main__:rsi_info_display:177 - ['RSI策略', '600052', '浙江广厦', '发出交易信号', '卖出']
2020-06-16 23:17:04.954 | INFO     | __main__:rsi_info_display:177 - ['RSI策略', '600068', '葛洲坝', '发出交易信号', '买入']
2020-06-16 23:17:12.989 | INFO     | __main__:rsi_info_display:177 - ['RSI策略', '600089', '特变电工', '发出交易信号', '买入']
2020-06-16 23:17:18.658 | INFO     | __main__:rsi_info_display:177 - ['RSI策略', '600098', '广州发展', '发出交易信号', '买入']
2020-06-16 23:17:24.054 | INFO     | __main__:rsi_info_display:177 - ['RSI策略', '600106', '重庆路桥', '发出交易信号', '买入']
2020-06-16 23:17:33.871 | INFO     | __main__:rsi_info_display:177 - ['RSI策略', '600131', '国网信通', '发出交易信号', '卖出']
2020-06-16 23:17:45.118 | INFO     | __main__:rsi_info_display:177 - ['RSI策略', '600169', '太原重工', '发出交易信号', '买入']
2020-06-16 23:17:55.826 | INFO     | __main__:rsi_info_display:177 - ['RSI策略', '600200', '江苏吴中', '发出交易信号', '卖出']
2020-06-16 23:18:06.850 | INFO     | __main__:rsi_info_display:177 - ['RSI策略', '600234', 'ST山水', '发出交易信号', '买入']
2020-06-16 23:18:24.008 | INFO     | __main__:rsi_info_display:177 - ['RSI策略', '600302', '标准股份', '发出交易信号', '卖出']
2020-06-16 23:18:42.112 | INFO     | __main__:rsi_info_display:177 - ['RSI策略', '600373', '中文传媒', '发出交易信号', '卖出']
2020-06-16 23:18:46.207 | INFO     | __main__:rsi_info_display:177 - ['RSI策略', '600376', '首开股份', '发出交易信号', '买入']
2020-06-16 23:18:52.651 | INFO     | __main__:rsi_info_display:177 - ['RSI策略', '600389', '江山股份', '发出交易信号', '买入']
2020-06-16 23:18:56.648 | INFO     | __main__:rsi_info_display:177 - ['RSI策略', '600391', '航发科技', '发出交易信号', '买入']
2020-06-16 23:19:03.574 | INFO     | __main__:rsi_info_display:177 - ['RSI策略', '600410', '华胜天成', '发出交易信号', '买入']
2020-06-16 23:19:14.041 | INFO     | __main__:rsi_info_display:177 - ['RSI策略', '600461', '洪城水业', '发出交易信号', '买入']
2020-06-16 23:19:19.744 | INFO     | __main__:rsi_info_display:177 - ['RSI策略', '600476', '湘邮科技', '发出交易信号', '买入']
2020-06-16 23:19:26.600 | INFO     | __main__:rsi_info_display:177 - ['RSI策略', '600491', '龙元建设', '发出交易信号', '卖出']
2020-06-16 23:19:34.776 | INFO     | __main__:rsi_info_display:177 - ['RSI策略', '600513', '联环药业', '发出交易信号', '卖出']
2020-06-16 23:19:38.822 | INFO     | __main__:rsi_info_display:177 - ['RSI策略', '600516', '方大炭素', '发出交易信号', '买入']
2020-06-16 23:19:45.001 | INFO     | __main__:rsi_info_display:177 - ['RSI策略', '600528', '中铁工业', '发出交易信号', '买入']
2020-06-16 23:20:02.635 | INFO     | __main__:rsi_info_display:177 - ['RSI策略', '600594', '益佰制药', '发出交易信号', '卖出']
2020-06-16 23:20:28.772 | INFO     | __main__:rsi_info_display:177 - ['RSI策略', '600703', '三安光电', '发出交易信号', '买入']
2020-06-16 23:20:42.028 | INFO     | __main__:rsi_info_display:177 - ['RSI策略', '600743', '华远地产', '发出交易信号', '买入']
2020-06-16 23:20:48.039 | INFO     | __main__:rsi_info_display:177 - ['RSI策略', '600755', '厦门国贸', '发出交易信号', '卖出']
2020-06-16 23:20:58.435 | INFO     | __main__:rsi_info_display:177 - ['RSI策略', '600783', '鲁信创投', '发出交易信号', '卖出']
2020-06-16 23:21:02.932 | INFO     | __main__:rsi_info_display:177 - ['RSI策略', '600789', '鲁抗医药', '发出交易信号', '卖出']
2020-06-16 23:21:25.345 | INFO     | __main__:rsi_info_display:177 - ['RSI策略', '600863', '内蒙华电', '发出交易信号', '买入']
2020-06-16 23:21:30.539 | INFO     | __main__:rsi_info_display:177 - ['RSI策略', '600870', 'ST厦华', '发出交易信号', '卖出']
2020-06-16 23:21:39.256 | INFO     | __main__:rsi_info_display:177 - ['RSI策略', '600893', '航发动力', '发出交易信号', '买入']
2020-06-16 23:21:47.519 | INFO     | __main__:rsi_info_display:177 - ['RSI策略', '600939', '重庆建工', '发出交易信号', '买入']
2020-06-16 23:21:53.984 | INFO     | __main__:rsi_info_display:177 - ['RSI策略', '600970', '中材国际', '发出交易信号', '买入']
2020-06-16 23:21:58.792 | INFO     | __main__:rsi_info_display:177 - ['RSI策略', '600977', '中国电影', '发出交易信号', '买入']
2020-06-16 23:22:04.272 | INFO     | __main__:rsi_info_display:177 - ['RSI策略', '600985', '淮北矿业', '发出交易信号', '买入']
2020-06-16 23:22:15.902 | INFO     | __main__:rsi_info_display:177 - ['RSI策略', '601058', '赛轮轮胎', '发出交易信号', '买入']
2020-06-16 23:22:21.915 | INFO     | __main__:rsi_info_display:177 - ['RSI策略', '601101', '昊华能源', '发出交易信号', '买入']
2020-06-16 23:22:27.325 | INFO     | __main__:rsi_info_display:177 - ['RSI策略', '601117', '中国化学', '发出交易信号', '买入']
2020-06-16 23:22:33.008 | INFO     | __main__:rsi_info_display:177 - ['RSI策略', '601158', '重庆水务', '发出交易信号', '买入']
2020-06-16 23:22:38.596 | INFO     | __main__:rsi_info_display:177 - ['RSI策略', '601186', '中国铁建', '发出交易信号', '买入']
2020-06-16 23:22:44.641 | INFO     | __main__:rsi_info_display:177 - ['RSI策略', '601225', '陕西煤业', '发出交易信号', '买入']
2020-06-16 23:22:48.909 | INFO     | __main__:rsi_info_display:177 - ['RSI策略', '601229', '上海银行', '发出交易信号', '卖出']
2020-06-16 23:22:53.940 | INFO     | __main__:rsi_info_display:177 - ['RSI策略', '601288', '农业银行', '发出交易信号', '买入']
2020-06-16 23:22:59.016 | INFO     | __main__:rsi_info_display:177 - ['RSI策略', '601326', '秦港股份', '发出交易信号', '买入']
2020-06-16 23:23:05.805 | INFO     | __main__:rsi_info_display:177 - ['RSI策略', '601390', '中国中铁', '发出交易信号', '买入']
2020-06-16 23:23:22.778 | INFO     | __main__:rsi_info_display:177 - ['RSI策略', '601801', 'XD皖新传', '发出交易信号', '卖出']
2020-06-16 23:23:38.813 | INFO     | __main__:rsi_info_display:177 - ['RSI策略', '601992', '金隅集团', '发出交易信号', '买入']
2020-06-16 23:23:42.854 | INFO     | __main__:rsi_info_display:177 - ['RSI策略', '601997', '贵阳银行', '发出交易信号', '买入']
2020-06-16 23:23:51.148 | INFO     | __main__:rsi_info_display:177 - ['RSI策略', '603018', '中设集团', '发出交易信号', '买入']
2020-06-16 23:23:56.673 | INFO     | __main__:rsi_info_display:177 - ['RSI策略', '603027', '千禾味业', '发出交易信号', '买入']
2020-06-16 23:24:03.352 | INFO     | __main__:rsi_info_display:177 - ['RSI策略', '603040', '新坐标', '发出交易信号', '买入']
2020-06-16 23:24:15.822 | INFO     | __main__:rsi_info_display:177 - ['RSI策略', '603108', '润达医疗', '发出交易信号', '卖出']
2020-06-16 23:24:27.895 | INFO     | __main__:rsi_info_display:177 - ['RSI策略', '603180', '金牌厨柜', '发出交易信号', '买入']
2020-06-16 23:24:31.933 | INFO     | __main__:rsi_info_display:177 - ['RSI策略', '603183', '建研院', '发出交易信号', '买入']
2020-06-16 23:24:40.394 | INFO     | __main__:rsi_info_display:177 - ['RSI策略', '603223', '恒通股份', '发出交易信号', '卖出']
2020-06-16 23:24:44.467 | INFO     | __main__:rsi_info_display:177 - ['RSI策略', '603226', '菲林格尔', '发出交易信号', '买入']
2020-06-16 23:24:51.335 | INFO     | __main__:rsi_info_display:177 - ['RSI策略', '603267', '鸿远电子', '发出交易信号', '买入']
2020-06-16 23:24:57.594 | INFO     | __main__:rsi_info_display:177 - ['RSI策略', '603298', '杭叉集团', '发出交易信号', '买入']
2020-06-16 23:25:13.564 | INFO     | __main__:rsi_info_display:177 - ['RSI策略', '603379', '三美股份', '发出交易信号', '买入']
2020-06-16 23:25:19.046 | INFO     | __main__:rsi_info_display:177 - ['RSI策略', '603392', '万泰生物', '发出交易信号', '卖出']
2020-06-16 23:25:24.481 | INFO     | __main__:rsi_info_display:177 - ['RSI策略', '603439', '贵州三力', '发出交易信号', '卖出']
2020-06-16 23:25:40.171 | INFO     | __main__:rsi_info_display:177 - ['RSI策略', '603590', '康辰药业', '发出交易信号', '卖出']
2020-06-16 23:25:45.170 | INFO     | __main__:rsi_info_display:177 - ['RSI策略', '603601', '再升科技', '发出交易信号', '卖出']
2020-06-16 23:25:48.968 | INFO     | __main__:rsi_info_display:177 - ['RSI策略', '603602', '纵横通信', '发出交易信号', '买入']
2020-06-16 23:25:59.711 | INFO     | __main__:rsi_info_display:177 - ['RSI策略', '603657', '春光科技', '发出交易信号', '买入']
2020-06-16 23:26:06.794 | INFO     | __main__:rsi_info_display:177 - ['RSI策略', '603679', '华体科技', '发出交易信号', '买入']
2020-06-16 23:26:13.986 | INFO     | __main__:rsi_info_display:177 - ['RSI策略', '603700', '宁水集团', '发出交易信号', '买入']
2020-06-16 23:26:18.027 | INFO     | __main__:rsi_info_display:177 - ['RSI策略', '603703', '盛洋科技', '发出交易信号', '买入']
2020-06-16 23:26:28.486 | INFO     | __main__:rsi_info_display:177 - ['RSI策略', '603768', '常青股份', '发出交易信号', '卖出']
2020-06-16 23:26:43.091 | INFO     | __main__:rsi_info_display:177 - ['RSI策略', '603867', '新化股份', '发出交易信号', '卖出']
2020-06-16 23:26:50.045 | INFO     | __main__:rsi_info_display:177 - ['RSI策略', '603887', '城地股份', '发出交易信号', '买入']
2020-06-16 23:26:59.979 | INFO     | __main__:rsi_info_display:177 - ['RSI策略', '603936', '博敏电子', '发出交易信号', '买入']
2020-06-16 23:27:06.016 | INFO     | __main__:rsi_info_display:177 - ['RSI策略', '603963', '大理药业', '发出交易信号', '买入']
2020-06-16 23:27:12.564 | INFO     | __main__:rsi_info_display:177 - ['RSI策略', '603985', 'DR恒润股', '发出交易信号', '卖出']
2020-06-16 23:27:17.833 | INFO     | __main__:rsi_info_display:177 - ['RSI策略', '603991', '至正股份', '发出交易信号', '卖出']
2020-06-16 23:27:21.916 | INFO     | __main__:rsi_info_display:177 - ['RSI策略', '603995', '甬金股份', '发出交易信号', '买入']
2020-06-16 23:27:38.370 | INFO     | __main__:rsi_info_display:177 - ['RSI策略', '688198', '佰仁医疗', '发出交易信号', '卖出']
