2020-06-16 22:47:55.495 | INFO     | __main__:rsi_info_display:177 - ['RSI策略', '000008', '神州高铁', '发出交易信号', '买入']
2020-06-16 22:48:00.148 | INFO     | __main__:rsi_info_display:177 - ['RSI策略', '000078', '海王生物', '发出交易信号', '卖出']
2020-06-16 22:48:03.941 | INFO     | __main__:rsi_info_display:177 - ['RSI策略', '000153', '丰原药业', '发出交易信号', '卖出']
2020-06-16 22:48:08.226 | INFO     | __main__:rsi_info_display:177 - ['RSI策略', '000423', '东阿阿胶', '发出交易信号', '买入']
2020-06-16 22:48:12.324 | INFO     | __main__:rsi_info_display:177 - ['RSI策略', '000518', '四环生物', '发出交易信号', '卖出']
2020-06-16 22:48:16.048 | INFO     | __main__:rsi_info_display:177 - ['RSI策略', '000526', '紫光学大', '发出交易信号', '买入']
2020-06-16 22:48:19.734 | INFO     | __main__:rsi_info_display:177 - ['RSI策略', '000534', '万泽股份', '发出交易信号', '卖出']
2020-06-16 22:48:24.078 | INFO     | __main__:rsi_info_display:177 - ['RSI策略', '000572', '*ST 海马', '发出交易信号', '卖出']
2020-06-16 22:48:28.669 | INFO     | __main__:rsi_info_display:177 - ['RSI策略', '000607', '华媒控股', '发出交易信号', '卖出']
2020-06-16 22:48:33.321 | INFO     | __main__:rsi_info_display:177 - ['RSI策略', '000668', '荣丰控股', '发出交易信号', '卖出']
2020-06-16 22:48:37.337 | INFO     | __main__:rsi_info_display:177 - ['RSI策略', '000690', '宝新能源', '发出交易信号', '买入']
2020-06-16 22:48:42.319 | INFO     | __main__:rsi_info_display:177 - ['RSI策略', '000761', '本钢板材', '发出交易信号', '买入']
2020-06-16 22:48:46.045 | INFO     | __main__:rsi_info_display:177 - ['RSI策略', '000768', '中航飞机', '发出交易信号', '买入']
2020-06-16 22:48:50.341 | INFO     | __main__:rsi_info_display:177 - ['RSI策略', '000813', '德展健康', '发出交易信号', '卖出']
2020-06-16 22:48:54.209 | INFO     | __main__:rsi_info_display:177 - ['RSI策略', '000828', '东莞控股', '发出交易信号', '买入']
2020-06-16 22:48:57.982 | INFO     | __main__:rsi_info_display:177 - ['RSI策略', '000837', '*ST秦机', '发出交易信号', '买入']
2020-06-16 22:49:03.362 | INFO     | __main__:rsi_info_display:177 - ['RSI策略', '000908', '景峰医药', '发出交易信号', '卖出']
2020-06-16 22:49:07.316 | INFO     | __main__:rsi_info_display:177 - ['RSI策略', '000928', '中钢国际', '发出交易信号', '买入']
2020-06-16 22:49:11.118 | INFO     | __main__:rsi_info_display:177 - ['RSI策略', '000952', '广济药业', '发出交易信号', '买入']
2020-06-16 22:49:14.937 | INFO     | __main__:rsi_info_display:177 - ['RSI策略', '000966', '长源电力', '发出交易信号', '买入']
2020-06-16 22:49:20.171 | INFO     | __main__:rsi_info_display:177 - ['RSI策略', '300038', '数知科技', '发出交易信号', '卖出']
2020-06-16 22:49:23.837 | INFO     | __main__:rsi_info_display:177 - ['RSI策略', '300043', '星辉娱乐', '发出交易信号', '卖出']
2020-06-16 22:49:29.845 | INFO     | __main__:rsi_info_display:177 - ['RSI策略', '300139', '晓程科技', '发出交易信号', '买入']
2020-06-16 22:49:33.503 | INFO     | __main__:rsi_info_display:177 - ['RSI策略', '300141', '和顺电气', '发出交易信号', '卖出']
2020-06-16 22:49:37.408 | INFO     | __main__:rsi_info_display:177 - ['RSI策略', '300151', '昌红科技', '发出交易信号', '卖出']
2020-06-16 22:49:41.866 | INFO     | __main__:rsi_info_display:177 - ['RSI策略', '300180', '华峰超纤', '发出交易信号', '买入']
2020-06-16 22:49:45.737 | INFO     | __main__:rsi_info_display:177 - ['RSI策略', '300190', '维尔利', '发出交易信号', '卖出']
2020-06-16 22:49:50.230 | INFO     | __main__:rsi_info_display:177 - ['RSI策略', '300233', '金城医药', '发出交易信号', '卖出']
2020-06-16 22:49:56.269 | INFO     | __main__:rsi_info_display:177 - ['RSI策略', '300327', '中颖电子', '发出交易信号', '买入']
2020-06-16 22:50:00.595 | INFO     | __main__:rsi_info_display:177 - ['RSI策略', '300360', '炬华科技', '发出交易信号', '买入']
2020-06-16 22:50:04.338 | INFO     | __main__:rsi_info_display:177 - ['RSI策略', '300369', '绿盟科技', '发出交易信号', '卖出']
2020-06-16 22:50:08.808 | INFO     | __main__:rsi_info_display:177 - ['RSI策略', '300406', '九强生物', '发出交易信号', '卖出']
2020-06-16 22:50:12.695 | INFO     | __main__:rsi_info_display:177 - ['RSI策略', '300416', '苏试试验', '发出交易信号', '买入']
2020-06-16 22:50:16.191 | INFO     | __main__:rsi_info_display:177 - ['RSI策略', '300417', '南华仪器', '发出交易信号', '买入']
2020-06-16 22:50:20.657 | INFO     | __main__:rsi_info_display:177 - ['RSI策略', '300453', '三鑫医疗', '发出交易信号', '卖出']
2020-06-16 22:50:25.841 | INFO     | __main__:rsi_info_display:177 - ['RSI策略', '300516', '久之洋', '发出交易信号', '买入']
2020-06-16 22:50:29.749 | INFO     | __main__:rsi_info_display:177 - ['RSI策略', '300542', '新晨科技', '发出交易信号', '买入']
2020-06-16 22:50:33.385 | INFO     | __main__:rsi_info_display:177 - ['RSI策略', '300543', '朗科智能', '发出交易信号', '买入']
2020-06-16 22:50:38.327 | INFO     | __main__:rsi_info_display:177 - ['RSI策略', '300602', '飞荣达', '发出交易信号', '买入']
2020-06-16 22:50:41.996 | INFO     | __main__:rsi_info_display:177 - ['RSI策略', '300613', '富瀚微', '发出交易信号', '买入']
2020-06-16 22:50:45.426 | INFO     | __main__:rsi_info_display:177 - ['RSI策略', '300615', '欣天科技', '发出交易信号', '买入']
2020-06-16 22:50:49.641 | INFO     | __main__:rsi_info_display:177 - ['RSI策略', '300639', '凯普生物', '发出交易信号', '卖出']
2020-06-16 22:50:54.849 | INFO     | __main__:rsi_info_display:177 - ['RSI策略', '300709', '精研科技', '发出交易信号', '买入']
2020-06-16 22:50:58.454 | INFO     | __main__:rsi_info_display:177 - ['RSI策略', '300711', '广哈通信', '发出交易信号', '买入']
2020-06-16 22:51:02.643 | INFO     | __main__:rsi_info_display:177 - ['RSI策略', '300732', '设研院', '发出交易信号', '买入']
2020-06-16 22:51:06.044 | INFO     | __main__:rsi_info_display:177 - ['RSI策略', '300735', '光弘科技', '发出交易信号', '买入']
2020-06-16 22:51:10.049 | INFO     | __main__:rsi_info_display:177 - ['RSI策略', '300758', '七彩化学', '发出交易信号', '买入']
2020-06-16 22:51:13.793 | INFO     | __main__:rsi_info_display:177 - ['RSI策略', '300762', '上海瀚讯', '发出交易信号', '买入']
2020-06-16 22:51:17.492 | INFO     | __main__:rsi_info_display:177 - ['RSI策略', '300766', '每日互动', '发出交易信号', '卖出']
2020-06-16 22:51:21.152 | INFO     | __main__:rsi_info_display:177 - ['RSI策略', '300773', '拉卡拉', '发出交易信号', '买入']
2020-06-16 22:51:24.550 | INFO     | __main__:rsi_info_display:177 - ['RSI策略', '300778', '新城市', '发出交易信号', '买入']
2020-06-16 22:51:28.208 | INFO     | __main__:rsi_info_display:177 - ['RSI策略', '300788', '中信出版', '发出交易信号', '卖出']
2020-06-16 22:51:32.411 | INFO     | __main__:rsi_info_display:177 - ['RSI策略', '300828', '锐新科技', '发出交易信号', '卖出']
2020-06-16 22:52:22.236 | INFO     | __main__:rsi_info_display:177 - ['RSI策略', '600021', '上海电力', '发出交易信号', '买入']
2020-06-16 22:52:26.091 | INFO     | __main__:rsi_info_display:177 - ['RSI策略', '600038', '中直股份', '发出交易信号', '买入']
2020-06-16 22:52:29.673 | INFO     | __main__:rsi_info_display:177 - ['RSI策略', '600050', '中国联通', '发出交易信号', '买入']
2020-06-16 22:52:33.287 | INFO     | __main__:rsi_info_display:177 - ['RSI策略', '600052', '浙江广厦', '发出交易信号', '卖出']
2020-06-16 22:52:37.217 | INFO     | __main__:rsi_info_display:177 - ['RSI策略', '600068', '葛洲坝', '发出交易信号', '买入']
2020-06-16 22:52:41.002 | INFO     | __main__:rsi_info_display:177 - ['RSI策略', '600089', '特变电工', '发出交易信号', '买入']
2020-06-16 22:52:44.791 | INFO     | __main__:rsi_info_display:177 - ['RSI策略', '600098', '广州发展', '发出交易信号', '买入']
2020-06-16 22:52:48.523 | INFO     | __main__:rsi_info_display:177 - ['RSI策略', '600106', '重庆路桥', '发出交易信号', '买入']
2020-06-16 22:52:52.814 | INFO     | __main__:rsi_info_display:177 - ['RSI策略', '600131', '国网信通', '发出交易信号', '卖出']
2020-06-16 22:52:57.375 | INFO     | __main__:rsi_info_display:177 - ['RSI策略', '600169', '太原重工', '发出交易信号', '买入']
2020-06-16 22:53:01.794 | INFO     | __main__:rsi_info_display:177 - ['RSI策略', '600200', '江苏吴中', '发出交易信号', '卖出']
2020-06-16 22:53:06.186 | INFO     | __main__:rsi_info_display:177 - ['RSI策略', '600234', 'ST山水', '发出交易信号', '买入']
2020-06-16 22:53:11.513 | INFO     | __main__:rsi_info_display:177 - ['RSI策略', '600302', '标准股份', '发出交易信号', '卖出']
2020-06-16 22:53:16.692 | INFO     | __main__:rsi_info_display:177 - ['RSI策略', '600373', '中文传媒', '发出交易信号', '卖出']
2020-06-16 22:53:20.335 | INFO     | __main__:rsi_info_display:177 - ['RSI策略', '600376', '首开股份', '发出交易信号', '买入']
2020-06-16 22:53:24.214 | INFO     | __main__:rsi_info_display:177 - ['RSI策略', '600389', '江山股份', '发出交易信号', '买入']
2020-06-16 22:53:27.836 | INFO     | __main__:rsi_info_display:177 - ['RSI策略', '600391', '航发科技', '发出交易信号', '买入']
2020-06-16 22:53:31.845 | INFO     | __main__:rsi_info_display:177 - ['RSI策略', '600410', '华胜天成', '发出交易信号', '买入']
2020-06-16 22:53:36.218 | INFO     | __main__:rsi_info_display:177 - ['RSI策略', '600461', '洪城水业', '发出交易信号', '买入']
2020-06-16 22:53:40.088 | INFO     | __main__:rsi_info_display:177 - ['RSI策略', '600476', '湘邮科技', '发出交易信号', '买入']
2020-06-16 22:53:43.958 | INFO     | __main__:rsi_info_display:177 - ['RSI策略', '600491', '龙元建设', '发出交易信号', '卖出']
2020-06-16 22:53:48.133 | INFO     | __main__:rsi_info_display:177 - ['RSI策略', '600513', '联环药业', '发出交易信号', '卖出']
2020-06-16 22:53:51.709 | INFO     | __main__:rsi_info_display:177 - ['RSI策略', '600516', '方大炭素', '发出交易信号', '买入']
2020-06-16 22:53:55.498 | INFO     | __main__:rsi_info_display:177 - ['RSI策略', '600528', '中铁工业', '发出交易信号', '买入']
2020-06-16 22:54:00.637 | INFO     | __main__:rsi_info_display:177 - ['RSI策略', '600594', '益佰制药', '发出交易信号', '卖出']
2020-06-16 22:54:06.936 | INFO     | __main__:rsi_info_display:177 - ['RSI策略', '600703', '三安光电', '发出交易信号', '买入']
2020-06-16 22:54:11.577 | INFO     | __main__:rsi_info_display:177 - ['RSI策略', '600743', '华远地产', '发出交易信号', '买入']
2020-06-16 22:54:15.448 | INFO     | __main__:rsi_info_display:177 - ['RSI策略', '600755', '厦门国贸', '发出交易信号', '卖出']
2020-06-16 22:54:19.682 | INFO     | __main__:rsi_info_display:177 - ['RSI策略', '600783', '鲁信创投', '发出交易信号', '卖出']
2020-06-16 22:54:23.413 | INFO     | __main__:rsi_info_display:177 - ['RSI策略', '600789', '鲁抗医药', '发出交易信号', '卖出']
2020-06-16 22:54:29.032 | INFO     | __main__:rsi_info_display:177 - ['RSI策略', '600863', '内蒙华电', '发出交易信号', '买入']
2020-06-16 22:54:32.738 | INFO     | __main__:rsi_info_display:177 - ['RSI策略', '600870', 'ST厦华', '发出交易信号', '卖出']
2020-06-16 22:54:37.057 | INFO     | __main__:rsi_info_display:177 - ['RSI策略', '600893', '航发动力', '发出交易信号', '买入']
2020-06-16 22:54:41.149 | INFO     | __main__:rsi_info_display:177 - ['RSI策略', '600939', '重庆建工', '发出交易信号', '买入']
2020-06-16 22:54:45.111 | INFO     | __main__:rsi_info_display:177 - ['RSI策略', '600970', '中材国际', '发出交易信号', '买入']
2020-06-16 22:54:48.787 | INFO     | __main__:rsi_info_display:177 - ['RSI策略', '600977', '中国电影', '发出交易信号', '买入']
2020-06-16 22:54:52.564 | INFO     | __main__:rsi_info_display:177 - ['RSI策略', '600985', '淮北矿业', '发出交易信号', '买入']
2020-06-16 22:54:57.218 | INFO     | __main__:rsi_info_display:177 - ['RSI策略', '601058', '赛轮轮胎', '发出交易信号', '买入']
2020-06-16 22:55:01.125 | INFO     | __main__:rsi_info_display:177 - ['RSI策略', '601101', '昊华能源', '发出交易信号', '买入']
2020-06-16 22:55:04.939 | INFO     | __main__:rsi_info_display:177 - ['RSI策略', '601117', '中国化学', '发出交易信号', '买入']
2020-06-16 22:55:08.725 | INFO     | __main__:rsi_info_display:177 - ['RSI策略', '601158', '重庆水务', '发出交易信号', '买入']
2020-06-16 22:55:12.543 | INFO     | __main__:rsi_info_display:177 - ['RSI策略', '601186', '中国铁建', '发出交易信号', '买入']
2020-06-16 22:55:16.423 | INFO     | __main__:rsi_info_display:177 - ['RSI策略', '601225', '陕西煤业', '发出交易信号', '买入']
2020-06-16 22:55:20.083 | INFO     | __main__:rsi_info_display:177 - ['RSI策略', '601229', '上海银行', '发出交易信号', '卖出']
2020-06-16 22:55:23.853 | INFO     | __main__:rsi_info_display:177 - ['RSI策略', '601288', '农业银行', '发出交易信号', '买入']
2020-06-16 22:55:27.573 | INFO     | __main__:rsi_info_display:177 - ['RSI策略', '601326', '秦港股份', '发出交易信号', '买入']
2020-06-16 22:55:31.571 | INFO     | __main__:rsi_info_display:177 - ['RSI策略', '601390', '中国中铁', '发出交易信号', '买入']
2020-06-16 22:55:36.768 | INFO     | __main__:rsi_info_display:177 - ['RSI策略', '601801', 'XD皖新传', '发出交易信号', '卖出']
2020-06-16 22:55:41.915 | INFO     | __main__:rsi_info_display:177 - ['RSI策略', '601992', '金隅集团', '发出交易信号', '买入']
2020-06-16 22:55:45.528 | INFO     | __main__:rsi_info_display:177 - ['RSI策略', '601997', '贵阳银行', '发出交易信号', '买入']
2020-06-16 22:55:49.625 | INFO     | __main__:rsi_info_display:177 - ['RSI策略', '603018', '中设集团', '发出交易信号', '买入']
2020-06-16 22:55:53.409 | INFO     | __main__:rsi_info_display:177 - ['RSI策略', '603027', '千禾味业', '发出交易信号', '买入']
2020-06-16 22:55:57.302 | INFO     | __main__:rsi_info_display:177 - ['RSI策略', '603040', '新坐标', '发出交易信号', '买入']
2020-06-16 22:56:01.855 | INFO     | __main__:rsi_info_display:177 - ['RSI策略', '603108', '润达医疗', '发出交易信号', '卖出']
2020-06-16 22:56:06.321 | INFO     | __main__:rsi_info_display:177 - ['RSI策略', '603180', '金牌厨柜', '发出交易信号', '买入']
2020-06-16 22:56:09.925 | INFO     | __main__:rsi_info_display:177 - ['RSI策略', '603183', '建研院', '发出交易信号', '买入']
2020-06-16 22:56:13.855 | INFO     | __main__:rsi_info_display:177 - ['RSI策略', '603223', '恒通股份', '发出交易信号', '卖出']
2020-06-16 22:56:17.462 | INFO     | __main__:rsi_info_display:177 - ['RSI策略', '603226', '菲林格尔', '发出交易信号', '买入']
2020-06-16 22:56:21.390 | INFO     | __main__:rsi_info_display:177 - ['RSI策略', '603267', '鸿远电子', '发出交易信号', '买入']
2020-06-16 22:56:25.309 | INFO     | __main__:rsi_info_display:177 - ['RSI策略', '603298', '杭叉集团', '发出交易信号', '买入']
2020-06-16 22:56:32.034 | INFO     | __main__:rsi_info_display:177 - ['RSI策略', '603379', '三美股份', '发出交易信号', '买入']
2020-06-16 22:56:35.734 | INFO     | __main__:rsi_info_display:177 - ['RSI策略', '603392', '万泰生物', '发出交易信号', '卖出']
2020-06-16 22:56:39.497 | INFO     | __main__:rsi_info_display:177 - ['RSI策略', '603439', '贵州三力', '发出交易信号', '卖出']
2020-06-16 22:56:44.408 | INFO     | __main__:rsi_info_display:177 - ['RSI策略', '603590', '康辰药业', '发出交易信号', '卖出']
2020-06-16 22:56:48.112 | INFO     | __main__:rsi_info_display:177 - ['RSI策略', '603601', '再升科技', '发出交易信号', '卖出']
2020-06-16 22:56:51.750 | INFO     | __main__:rsi_info_display:177 - ['RSI策略', '603602', '纵横通信', '发出交易信号', '买入']
2020-06-16 22:56:56.210 | INFO     | __main__:rsi_info_display:177 - ['RSI策略', '603657', '春光科技', '发出交易信号', '买入']
2020-06-16 22:57:00.171 | INFO     | __main__:rsi_info_display:177 - ['RSI策略', '603679', '华体科技', '发出交易信号', '买入']
2020-06-16 22:57:04.152 | INFO     | __main__:rsi_info_display:177 - ['RSI策略', '603700', '宁水集团', '发出交易信号', '买入']
2020-06-16 22:57:07.707 | INFO     | __main__:rsi_info_display:177 - ['RSI策略', '603703', '盛洋科技', '发出交易信号', '买入']
2020-06-16 22:57:12.039 | INFO     | __main__:rsi_info_display:177 - ['RSI策略', '603768', '常青股份', '发出交易信号', '卖出']
2020-06-16 22:57:16.898 | INFO     | __main__:rsi_info_display:177 - ['RSI策略', '603867', '新化股份', '发出交易信号', '卖出']
2020-06-16 22:57:20.871 | INFO     | __main__:rsi_info_display:177 - ['RSI策略', '603887', '城地股份', '发出交易信号', '买入']
2020-06-16 22:57:25.096 | INFO     | __main__:rsi_info_display:177 - ['RSI策略', '603936', '博敏电子', '发出交易信号', '买入']
2020-06-16 22:57:28.969 | INFO     | __main__:rsi_info_display:177 - ['RSI策略', '603963', '大理药业', '发出交易信号', '买入']
2020-06-16 22:57:32.906 | INFO     | __main__:rsi_info_display:177 - ['RSI策略', '603985', 'DR恒润股', '发出交易信号', '卖出']
2020-06-16 22:57:36.817 | INFO     | __main__:rsi_info_display:177 - ['RSI策略', '603991', '至正股份', '发出交易信号', '卖出']
2020-06-16 22:57:40.439 | INFO     | __main__:rsi_info_display:177 - ['RSI策略', '603995', '甬金股份', '发出交易信号', '买入']
2020-06-16 22:57:45.584 | INFO     | __main__:rsi_info_display:177 - ['RSI策略', '688198', '佰仁医疗', '发出交易信号', '卖出']
